<?xml version="1.0" encoding="UTF-8"?>
<!-- Generated by org.testng.reporters.JUnitReportReporter -->
<testsuite hostname="jaideos-MacBook-Pro.local" name="com.qa.test.RegistrationPageTest" tests="4" failures="0" timestamp="29 Mar 2019 22:35:08 GMT" time="20.776" errors="0">
  <testcase name="registrationTest" time="6.207" classname="com.qa.test.RegistrationPageTest"/>
  <testcase name="registrationTest" time="5.153" classname="com.qa.test.RegistrationPageTest"/>
  <testcase name="registrationTest" time="4.649" classname="com.qa.test.RegistrationPageTest"/>
  <testcase name="registrationTest" time="4.767" classname="com.qa.test.RegistrationPageTest"/>
</testsuite> <!-- com.qa.test.RegistrationPageTest -->
