<?xml version="1.0" encoding="UTF-8"?>
<!-- Generated by org.testng.reporters.JUnitReportReporter -->
<testsuite hostname="jaideos-MacBook-Pro.local" name="com.qa.page.HomePage" tests="1" failures="0" timestamp="29 Mar 2019 02:12:06 GMT" time="4.535" errors="0">
  <testcase name="logInLink" time="4.535" classname="com.qa.page.HomePage"/>
</testsuite> <!-- com.qa.page.HomePage -->
