<?xml version="1.0" encoding="UTF-8"?>
<!-- Generated by org.testng.reporters.JUnitReportReporter -->
<testsuite hostname="jaideos-MacBook-Pro.local" name="com.qa.test.HomePageTest" tests="6" failures="0" timestamp="29 Mar 2019 21:29:02 GMT" time="28.417" errors="0">
  <testcase name="verifyLogo" time="3.632" classname="com.qa.test.HomePageTest"/>
  <testcase name="verifyLogInlink" time="4.587" classname="com.qa.test.HomePageTest"/>
  <testcase name="verifySearchLink" time="6.187" classname="com.qa.test.HomePageTest"/>
  <testcase name="verifyregistrationLink" time="4.755" classname="com.qa.test.HomePageTest"/>
  <testcase name="verifyEarnPointlink" time="4.440" classname="com.qa.test.HomePageTest"/>
  <testcase name="verifyBuypointLink" time="4.816" classname="com.qa.test.HomePageTest"/>
</testsuite> <!-- com.qa.test.HomePageTest -->
